[29/Jun/2020 23:30:08 Europe/Stockholm] [Info] ############################################################
[29/Jun/2020 23:30:08 Europe/Stockholm] [Info] # Output Factory initiated (html5)
[29/Jun/2020 23:30:08 Europe/Stockholm] [Info] # Building output for: Setting up a virtual connection (using parameters)
[29/Jun/2020 23:30:08 Europe/Stockholm] [Info] # URL /document/edit/8506
[29/Jun/2020 23:30:08 Europe/Stockholm] [Info] # User: Brenda Griffith
[29/Jun/2020 23:30:08 Europe/Stockholm] [Info] # Time: Mon, 29 Jun 2020 23:30:08 +0200
[29/Jun/2020 23:30:08 Europe/Stockholm] [Info] # Server: bristol
[29/Jun/2020 23:30:08 Europe/Stockholm] [Info] ############################################################
[29/Jun/2020 23:30:08 Europe/Stockholm] [Info] Group: system
[29/Jun/2020 23:30:08 Europe/Stockholm] [Info] Type: html5
[29/Jun/2020 23:30:08 Europe/Stockholm] [Info] Transformation: /var/www/ccms/application/lib/docbook/xsl/html5/html5.xsl
[29/Jun/2020 23:30:08 Europe/Stockholm] [Info] File found: /var/www/ccms/application/lib/docbook/xsl/html5/html5.xsl
[29/Jun/2020 23:30:08 Europe/Stockholm] [Info] ############################################################
[29/Jun/2020 23:30:08 Europe/Stockholm] [Info] Building output for: html5
[29/Jun/2020 23:30:08 Europe/Stockholm] [Info] Using stylesheet: /var/www/ccms/application/lib/docbook/xsl/html5/html5.xsl
[29/Jun/2020 23:30:08 Europe/Stockholm] [Info] Parameters for this build: (array) {"profile.condition":"BigQuery"}
[29/Jun/2020 23:30:08 Europe/Stockholm] [Info] Environment variables for this build: (array) []
[29/Jun/2020 23:30:08 Europe/Stockholm] [Info] Building output for languages: (array) ["en"]
[29/Jun/2020 23:30:08 Europe/Stockholm] [Info] Building multilang: no
[29/Jun/2020 23:30:08 Europe/Stockholm] [Info] Building preview: no
[29/Jun/2020 23:30:08 Europe/Stockholm] [Info] ############################################################
[29/Jun/2020 23:30:08 Europe/Stockholm] [Info] Using build directory: /paligo/tmp/data2/production-5efa5d5ee89742.10292194/8590-Setting_up_a_virtual_connection__using_parameters_-html5
[29/Jun/2020 23:30:09 Europe/Stockholm] [Info] -- Generating source files
[29/Jun/2020 23:30:09 Europe/Stockholm] [Info] -- Source files have been generated
[29/Jun/2020 23:30:09 Europe/Stockholm] [Info] -- Publication has no unresolved dependencies.
[29/Jun/2020 23:30:09 Europe/Stockholm] [Info] -- Generating source files complete.
[29/Jun/2020 23:30:09 Europe/Stockholm] [Info] Variable sets found: 1
[29/Jun/2020 23:30:10 Europe/Stockholm] [Info] Localizing: fork-8590.xml
[29/Jun/2020 23:30:10 Europe/Stockholm] [Info] Language: en
[29/Jun/2020 23:30:11 Europe/Stockholm] [Info] Inserting image links.
[29/Jun/2020 23:30:11 Europe/Stockholm] [Info] Found 6 image(s).
[29/Jun/2020 23:30:11 Europe/Stockholm] [Info] Found image 'BigQuery_integration.png'
[29/Jun/2020 23:30:11 Europe/Stockholm] [Info] Found image 'BigQuery_configuration.png'
[29/Jun/2020 23:30:11 Europe/Stockholm] [Info] Found image 'Add_data.png'
[29/Jun/2020 23:30:11 Europe/Stockholm] [Info] Found image 'Virtual_connection_sources.png'
[29/Jun/2020 23:30:11 Europe/Stockholm] [Info] Found image 'BigQuery_manage.png'
[29/Jun/2020 23:30:11 Europe/Stockholm] [Info] Found image 'BigQuery_modify.png'
[29/Jun/2020 23:30:12 Europe/Stockholm] [Info] Profiling parameters: (array) {"profile.condition":"BigQuery"}
[29/Jun/2020 23:30:12 Europe/Stockholm] [Info] Profiling customisation: /var/www/ccms/usr/data2/xsl/profile.xsl (not found)
[29/Jun/2020 23:30:12 Europe/Stockholm] [Info] Transformation: fork-8590--en.org.xml -> fork-8590--en.xml [profile.xsl]
[29/Jun/2020 23:30:12 Europe/Stockholm] [Info] Transformation: fork-8590--en.xml -> fork-8590--en.xml [internal-xref.xsl]
[29/Jun/2020 23:30:13 Europe/Stockholm] [Info] Transformation: A-filelist.xml -> B-sorted.xml [IO.document.sortlang.xsl]
[29/Jun/2020 23:30:13 Europe/Stockholm] [Info] Transformation: B-sorted.xml -> C-concatenated.xml [IO.document.concat.xsl]
[29/Jun/2020 23:30:13 Europe/Stockholm] [Info] Transformation: B-sorted.xml -> index-en.xml [IO.document.head.xsl]
[29-Jun-2020 23:30:14 Europe/Stockholm] Parsing manifest file: css/*, css/image/*, css/image/callouts/*, js/*, fonts/*
[29-Jun-2020 23:30:14 Europe/Stockholm] Filename: css/*
[29-Jun-2020 23:30:14 Europe/Stockholm] Source directory: /var/www/ccms/application/lib/docbook/xsl/html5
[29-Jun-2020 23:30:14 Europe/Stockholm] Target directory: /paligo/tmp/data2/production-5efa5d5ee89742.10292194/8590-Setting_up_a_virtual_connection__using_parameters_-html5/out
[29-Jun-2020 23:30:14 Europe/Stockholm] Copy file 'bootstrap-3.0.2.min.css'
[29-Jun-2020 23:30:14 Europe/Stockholm] Copy file 'bootstrap-theme-3.0.2.min.css'
[29-Jun-2020 23:30:14 Europe/Stockholm] Copy file 'bootstrap-theme.min.css'
[29-Jun-2020 23:30:14 Europe/Stockholm] Copy file 'bootstrap-theme.min.css.map'
[29-Jun-2020 23:30:14 Europe/Stockholm] Copy file 'bootstrap.min.css'
[29-Jun-2020 23:30:14 Europe/Stockholm] Copy file 'bootstrap.min.css.map'
[29-Jun-2020 23:30:14 Europe/Stockholm] Copy file 'content-theme1.css'
[29-Jun-2020 23:30:14 Europe/Stockholm] Copy file 'content-theme2.css'
[29-Jun-2020 23:30:14 Europe/Stockholm] Copy file 'docbook.css'
[29-Jun-2020 23:30:14 Europe/Stockholm] Copy file 'font-awesome.css'
[29-Jun-2020 23:30:14 Europe/Stockholm] Copy file 'graphical-lists.css'
[29-Jun-2020 23:30:14 Europe/Stockholm] Copy file 'html5.algoliasearch.css'
[29-Jun-2020 23:30:14 Europe/Stockholm] Copy file 'html5.algoliasearchpage.css'
[29-Jun-2020 23:30:14 Europe/Stockholm] Copy file 'mathml.css'
[29-Jun-2020 23:30:14 Europe/Stockholm] Copy file 'roboto.font.css'
[29-Jun-2020 23:30:14 Europe/Stockholm] Copy file 'rwd-table.min.css'
[29-Jun-2020 23:30:14 Europe/Stockholm] Copy file 'sm-core-css.css'
[29-Jun-2020 23:30:14 Europe/Stockholm] Copy file 'sm-simple.css'
[29-Jun-2020 23:30:14 Europe/Stockholm] Copy file 'style-api-responsive.css'
[29-Jun-2020 23:30:14 Europe/Stockholm] Copy file 'style-api.css'
[29-Jun-2020 23:30:14 Europe/Stockholm] Copy file 'style-common.css'
[29-Jun-2020 23:30:14 Europe/Stockholm] Copy file 'style-index-page.css'
[29-Jun-2020 23:30:14 Europe/Stockholm] Copy file 'style-modern-tables.css'
[29-Jun-2020 23:30:14 Europe/Stockholm] Copy file 'style-print.css'
[29-Jun-2020 23:30:14 Europe/Stockholm] Copy file 'style-responsive.css'
[29-Jun-2020 23:30:14 Europe/Stockholm] Copy file 'style-single-page.css'
[29-Jun-2020 23:30:14 Europe/Stockholm] Copy file 'style.css'
[29-Jun-2020 23:30:14 Europe/Stockholm] Copy file 'theme0.css'
[29-Jun-2020 23:30:14 Europe/Stockholm] Copy file 'theme1-colors.css'
[29-Jun-2020 23:30:14 Europe/Stockholm] Copy file 'theme1.css'
[29-Jun-2020 23:30:14 Europe/Stockholm] Copy file 'theme2-colors.css'
[29-Jun-2020 23:30:14 Europe/Stockholm] Copy file 'theme2.css'
[29-Jun-2020 23:30:14 Europe/Stockholm] Copy file 'theme3-colors.css'
[29-Jun-2020 23:30:14 Europe/Stockholm] Copy file 'theme3.css'
[29-Jun-2020 23:30:14 Europe/Stockholm] Copy file 'theme3b-colors.css'
[29-Jun-2020 23:30:14 Europe/Stockholm] Copy file 'theme3b.css'
[29-Jun-2020 23:30:14 Europe/Stockholm] Filename: css/image/*
[29-Jun-2020 23:30:14 Europe/Stockholm] Source directory: /var/www/ccms/application/lib/docbook/xsl/html5
[29-Jun-2020 23:30:14 Europe/Stockholm] Target directory: /paligo/tmp/data2/production-5efa5d5ee89742.10292194/8590-Setting_up_a_virtual_connection__using_parameters_-html5/out
[29-Jun-2020 23:30:14 Europe/Stockholm] Copy file 'breadcrumb-seperator.png'
[29-Jun-2020 23:30:14 Europe/Stockholm] Copy file 'caution.png'
[29-Jun-2020 23:30:14 Europe/Stockholm] Copy file 'corporate-logo-blue-inverted.svg'
[29-Jun-2020 23:30:14 Europe/Stockholm] Copy file 'corporate-logo-blue.svg'
[29-Jun-2020 23:30:14 Europe/Stockholm] Copy file 'corporate-logo-white.png'
[29-Jun-2020 23:30:14 Europe/Stockholm] Copy file 'corporate-logo-white.svg'
[29-Jun-2020 23:30:14 Europe/Stockholm] Copy file 'corporate-logo.png'
[29-Jun-2020 23:30:14 Europe/Stockholm] Copy file 'corporate-logo.svg'
[29-Jun-2020 23:30:14 Europe/Stockholm] Copy file 'important.png'
[29-Jun-2020 23:30:14 Europe/Stockholm] Copy file 'note.png'
[29-Jun-2020 23:30:14 Europe/Stockholm] Copy file 'portal1-bg.jpg'
[29-Jun-2020 23:30:14 Europe/Stockholm] Copy file 'portal2a-bg.jpg'
[29-Jun-2020 23:30:14 Europe/Stockholm] Copy file 'portal2b-bg.jpg'
[29-Jun-2020 23:30:14 Europe/Stockholm] Copy file 'portal2c-bg.jpg'
[29-Jun-2020 23:30:14 Europe/Stockholm] Copy file 'subheader-bg.png'
[29-Jun-2020 23:30:14 Europe/Stockholm] Copy file 'warning.png'
[29-Jun-2020 23:30:14 Europe/Stockholm] Filename: css/image/callouts/*
[29-Jun-2020 23:30:14 Europe/Stockholm] Source directory: /var/www/ccms/application/lib/docbook/xsl/html5
[29-Jun-2020 23:30:14 Europe/Stockholm] Target directory: /paligo/tmp/data2/production-5efa5d5ee89742.10292194/8590-Setting_up_a_virtual_connection__using_parameters_-html5/out
[29-Jun-2020 23:30:14 Europe/Stockholm] Copy file '1.gif'
[29-Jun-2020 23:30:14 Europe/Stockholm] Copy file '1.png'
[29-Jun-2020 23:30:14 Europe/Stockholm] Copy file '1.svg'
[29-Jun-2020 23:30:14 Europe/Stockholm] Copy file '10.gif'
[29-Jun-2020 23:30:14 Europe/Stockholm] Copy file '10.png'
[29-Jun-2020 23:30:14 Europe/Stockholm] Copy file '10.svg'
[29-Jun-2020 23:30:14 Europe/Stockholm] Copy file '11.gif'
[29-Jun-2020 23:30:14 Europe/Stockholm] Copy file '11.png'
[29-Jun-2020 23:30:14 Europe/Stockholm] Copy file '11.svg'
[29-Jun-2020 23:30:14 Europe/Stockholm] Copy file '12.gif'
[29-Jun-2020 23:30:14 Europe/Stockholm] Copy file '12.png'
[29-Jun-2020 23:30:14 Europe/Stockholm] Copy file '12.svg'
[29-Jun-2020 23:30:14 Europe/Stockholm] Copy file '13.gif'
[29-Jun-2020 23:30:14 Europe/Stockholm] Copy file '13.png'
[29-Jun-2020 23:30:14 Europe/Stockholm] Copy file '13.svg'
[29-Jun-2020 23:30:14 Europe/Stockholm] Copy file '14.gif'
[29-Jun-2020 23:30:14 Europe/Stockholm] Copy file '14.png'
[29-Jun-2020 23:30:14 Europe/Stockholm] Copy file '14.svg'
[29-Jun-2020 23:30:14 Europe/Stockholm] Copy file '15.gif'
[29-Jun-2020 23:30:14 Europe/Stockholm] Copy file '15.png'
[29-Jun-2020 23:30:14 Europe/Stockholm] Copy file '15.svg'
[29-Jun-2020 23:30:14 Europe/Stockholm] Copy file '16.svg'
[29-Jun-2020 23:30:14 Europe/Stockholm] Copy file '17.svg'
[29-Jun-2020 23:30:14 Europe/Stockholm] Copy file '18.svg'
[29-Jun-2020 23:30:14 Europe/Stockholm] Copy file '19.svg'
[29-Jun-2020 23:30:14 Europe/Stockholm] Copy file '2.gif'
[29-Jun-2020 23:30:14 Europe/Stockholm] Copy file '2.png'
[29-Jun-2020 23:30:14 Europe/Stockholm] Copy file '2.svg'
[29-Jun-2020 23:30:14 Europe/Stockholm] Copy file '20.svg'
[29-Jun-2020 23:30:14 Europe/Stockholm] Copy file '21.svg'
[29-Jun-2020 23:30:14 Europe/Stockholm] Copy file '22.svg'
[29-Jun-2020 23:30:14 Europe/Stockholm] Copy file '23.svg'
[29-Jun-2020 23:30:14 Europe/Stockholm] Copy file '24.svg'
[29-Jun-2020 23:30:14 Europe/Stockholm] Copy file '25.svg'
[29-Jun-2020 23:30:14 Europe/Stockholm] Copy file '26.svg'
[29-Jun-2020 23:30:14 Europe/Stockholm] Copy file '27.svg'
[29-Jun-2020 23:30:14 Europe/Stockholm] Copy file '28.svg'
[29-Jun-2020 23:30:14 Europe/Stockholm] Copy file '29.svg'
[29-Jun-2020 23:30:14 Europe/Stockholm] Copy file '3.gif'
[29-Jun-2020 23:30:14 Europe/Stockholm] Copy file '3.png'
[29-Jun-2020 23:30:14 Europe/Stockholm] Copy file '3.svg'
[29-Jun-2020 23:30:14 Europe/Stockholm] Copy file '30.svg'
[29-Jun-2020 23:30:14 Europe/Stockholm] Copy file '4.gif'
[29-Jun-2020 23:30:14 Europe/Stockholm] Copy file '4.png'
[29-Jun-2020 23:30:14 Europe/Stockholm] Copy file '4.svg'
[29-Jun-2020 23:30:14 Europe/Stockholm] Copy file '5.gif'
[29-Jun-2020 23:30:14 Europe/Stockholm] Copy file '5.png'
[29-Jun-2020 23:30:14 Europe/Stockholm] Copy file '5.svg'
[29-Jun-2020 23:30:14 Europe/Stockholm] Copy file '6.gif'
[29-Jun-2020 23:30:14 Europe/Stockholm] Copy file '6.png'
[29-Jun-2020 23:30:14 Europe/Stockholm] Copy file '6.svg'
[29-Jun-2020 23:30:14 Europe/Stockholm] Copy file '7.gif'
[29-Jun-2020 23:30:14 Europe/Stockholm] Copy file '7.png'
[29-Jun-2020 23:30:14 Europe/Stockholm] Copy file '7.svg'
[29-Jun-2020 23:30:14 Europe/Stockholm] Copy file '8.gif'
[29-Jun-2020 23:30:14 Europe/Stockholm] Copy file '8.png'
[29-Jun-2020 23:30:14 Europe/Stockholm] Copy file '8.svg'
[29-Jun-2020 23:30:14 Europe/Stockholm] Copy file '9.gif'
[29-Jun-2020 23:30:14 Europe/Stockholm] Copy file '9.png'
[29-Jun-2020 23:30:14 Europe/Stockholm] Copy file '9.svg'
[29-Jun-2020 23:30:14 Europe/Stockholm] Filename: js/*
[29-Jun-2020 23:30:14 Europe/Stockholm] Source directory: /var/www/ccms/application/lib/docbook/xsl/html5
[29-Jun-2020 23:30:14 Europe/Stockholm] Target directory: /paligo/tmp/data2/production-5efa5d5ee89742.10292194/8590-Setting_up_a_virtual_connection__using_parameters_-html5/out
[29-Jun-2020 23:30:14 Europe/Stockholm] Copy file 'ajax-loading.js'
[29-Jun-2020 23:30:14 Europe/Stockholm] Copy file 'anchorlinks.js'
[29-Jun-2020 23:30:14 Europe/Stockholm] Copy file 'bootstrap.min.js'
[29-Jun-2020 23:30:14 Europe/Stockholm] Copy file 'checklist.js'
[29-Jun-2020 23:30:14 Europe/Stockholm] Copy file 'clipboard.min.js'
[29-Jun-2020 23:30:14 Europe/Stockholm] Copy file 'cookie-consent.js'
[29-Jun-2020 23:30:14 Europe/Stockholm] Copy file 'create-toc.js'
[29-Jun-2020 23:30:14 Europe/Stockholm] Copy file 'csh.js'
[29-Jun-2020 23:30:14 Europe/Stockholm] Copy file 'fuse.min.js'
[29-Jun-2020 23:30:14 Europe/Stockholm] Copy file 'hilitor.js'
[29-Jun-2020 23:30:14 Europe/Stockholm] Copy file 'html5-2-ajax-hp.js'
[29-Jun-2020 23:30:14 Europe/Stockholm] Copy file 'html5-2-ajax.js'
[29-Jun-2020 23:30:14 Europe/Stockholm] Copy file 'html5-2-mp-common.js'
[29-Jun-2020 23:30:14 Europe/Stockholm] Copy file 'html5-2-portal.js'
[29-Jun-2020 23:30:14 Europe/Stockholm] Copy file 'html5-2.js'
[29-Jun-2020 23:30:14 Europe/Stockholm] Copy file 'html5.algoliasearch.js'
[29-Jun-2020 23:30:14 Europe/Stockholm] Copy file 'html5.algoliasearchpage.js'
[29-Jun-2020 23:30:14 Europe/Stockholm] Copy file 'html5.fuse.search.js'
[29-Jun-2020 23:30:14 Europe/Stockholm] Copy file 'jquery-1.10.2.min.js'
[29-Jun-2020 23:30:14 Europe/Stockholm] Copy file 'jquery-1.10.2.min.map'
[29-Jun-2020 23:30:14 Europe/Stockholm] Copy file 'jquery-migrate-3.0.1.min.js'
[29-Jun-2020 23:30:14 Europe/Stockholm] Copy file 'jquery-ui-1.10.3.custom.min.js'
[29-Jun-2020 23:30:14 Europe/Stockholm] Copy file 'jquery.event.move.js'
[29-Jun-2020 23:30:14 Europe/Stockholm] Copy file 'jquery.event.swipe.js'
[29-Jun-2020 23:30:14 Europe/Stockholm] Copy file 'jquery.mark.min.js'
[29-Jun-2020 23:30:14 Europe/Stockholm] Copy file 'jquery.smartmenus.js'
[29-Jun-2020 23:30:14 Europe/Stockholm] Copy file 'jquery.sticky.js'
[29-Jun-2020 23:30:14 Europe/Stockholm] Copy file 'lunr-single-lang.js'
[29-Jun-2020 23:30:14 Europe/Stockholm] Copy file 'lunr.js'
[29-Jun-2020 23:30:14 Europe/Stockholm] Copy file 'materialize.min.js'
[29-Jun-2020 23:30:14 Europe/Stockholm] Copy file 'mspace.js'
[29-Jun-2020 23:30:14 Europe/Stockholm] Copy file 'purl.js'
[29-Jun-2020 23:30:14 Europe/Stockholm] Copy file 'respond.min.js'
[29-Jun-2020 23:30:14 Europe/Stockholm] Copy file 'responsive-tables.js'
[29-Jun-2020 23:30:14 Europe/Stockholm] Copy file 'rwd-table.min.js'
[29-Jun-2020 23:30:14 Europe/Stockholm] Copy file 'script-api.js'
[29-Jun-2020 23:30:14 Europe/Stockholm] Copy file 'script.js'
[29-Jun-2020 23:30:14 Europe/Stockholm] Copy file 'search.js'
[29-Jun-2020 23:30:14 Europe/Stockholm] Copy file 'updateurl.js'
[29-Jun-2020 23:30:14 Europe/Stockholm] Filename: fonts/*
[29-Jun-2020 23:30:14 Europe/Stockholm] Source directory: /var/www/ccms/application/lib/docbook/xsl/html5
[29-Jun-2020 23:30:14 Europe/Stockholm] Target directory: /paligo/tmp/data2/production-5efa5d5ee89742.10292194/8590-Setting_up_a_virtual_connection__using_parameters_-html5/out
[29-Jun-2020 23:30:14 Europe/Stockholm] Copy file 'FontAwesome.otf'
[29-Jun-2020 23:30:14 Europe/Stockholm] Copy file 'fontawesome-webfont.eot'
[29-Jun-2020 23:30:14 Europe/Stockholm] Copy file 'fontawesome-webfont.svg'
[29-Jun-2020 23:30:14 Europe/Stockholm] Copy file 'fontawesome-webfont.ttf'
[29-Jun-2020 23:30:14 Europe/Stockholm] Copy file 'fontawesome-webfont.woff'
[29-Jun-2020 23:30:14 Europe/Stockholm] Copy file 'fontawesome-webfont.woff2'
[29-Jun-2020 23:30:14 Europe/Stockholm] Copy file 'glyphicons-halflings-regular.eot'
[29-Jun-2020 23:30:14 Europe/Stockholm] Copy file 'glyphicons-halflings-regular.svg'
[29-Jun-2020 23:30:14 Europe/Stockholm] Copy file 'glyphicons-halflings-regular.ttf'
[29-Jun-2020 23:30:14 Europe/Stockholm] Copy file 'glyphicons-halflings-regular.woff'
[29-Jun-2020 23:30:14 Europe/Stockholm] Copy file 'glyphicons-halflings-regular.woff2'
[29-Jun-2020 23:30:14 Europe/Stockholm] Copy file 'roboto-v20-vietnamese_latin-ext_latin_greek-ext_greek_cyrillic-ext_cyrillic-300.eot'
[29-Jun-2020 23:30:14 Europe/Stockholm] Copy file 'roboto-v20-vietnamese_latin-ext_latin_greek-ext_greek_cyrillic-ext_cyrillic-300.svg'
[29-Jun-2020 23:30:14 Europe/Stockholm] Copy file 'roboto-v20-vietnamese_latin-ext_latin_greek-ext_greek_cyrillic-ext_cyrillic-300.ttf'
[29-Jun-2020 23:30:14 Europe/Stockholm] Copy file 'roboto-v20-vietnamese_latin-ext_latin_greek-ext_greek_cyrillic-ext_cyrillic-300.woff'
[29-Jun-2020 23:30:14 Europe/Stockholm] Copy file 'roboto-v20-vietnamese_latin-ext_latin_greek-ext_greek_cyrillic-ext_cyrillic-300.woff2'
[29-Jun-2020 23:30:14 Europe/Stockholm] Copy file 'roboto-v20-vietnamese_latin-ext_latin_greek-ext_greek_cyrillic-ext_cyrillic-700.eot'
[29-Jun-2020 23:30:14 Europe/Stockholm] Copy file 'roboto-v20-vietnamese_latin-ext_latin_greek-ext_greek_cyrillic-ext_cyrillic-700.svg'
[29-Jun-2020 23:30:14 Europe/Stockholm] Copy file 'roboto-v20-vietnamese_latin-ext_latin_greek-ext_greek_cyrillic-ext_cyrillic-700.ttf'
[29-Jun-2020 23:30:14 Europe/Stockholm] Copy file 'roboto-v20-vietnamese_latin-ext_latin_greek-ext_greek_cyrillic-ext_cyrillic-700.woff'
[29-Jun-2020 23:30:14 Europe/Stockholm] Copy file 'roboto-v20-vietnamese_latin-ext_latin_greek-ext_greek_cyrillic-ext_cyrillic-700.woff2'
[29-Jun-2020 23:30:14 Europe/Stockholm] Copy file 'roboto-v20-vietnamese_latin-ext_latin_greek-ext_greek_cyrillic-ext_cyrillic-regular.eot'
[29-Jun-2020 23:30:14 Europe/Stockholm] Copy file 'roboto-v20-vietnamese_latin-ext_latin_greek-ext_greek_cyrillic-ext_cyrillic-regular.svg'
[29-Jun-2020 23:30:14 Europe/Stockholm] Copy file 'roboto-v20-vietnamese_latin-ext_latin_greek-ext_greek_cyrillic-ext_cyrillic-regular.ttf'
[29-Jun-2020 23:30:14 Europe/Stockholm] Copy file 'roboto-v20-vietnamese_latin-ext_latin_greek-ext_greek_cyrillic-ext_cyrillic-regular.woff'
[29-Jun-2020 23:30:14 Europe/Stockholm] Copy file 'roboto-v20-vietnamese_latin-ext_latin_greek-ext_greek_cyrillic-ext_cyrillic-regular.woff2'
[29-Jun-2020 23:30:14 Europe/Stockholm] Parsing manifest file: css/*, css/image/*, css/image/callouts/*, js/*, fonts/*
[29-Jun-2020 23:30:14 Europe/Stockholm] Filename: css/*
[29-Jun-2020 23:30:14 Europe/Stockholm] Source directory: /var/www/ccms/application/lib/docbook/xsl/html5
[29-Jun-2020 23:30:14 Europe/Stockholm] Target directory: /paligo/tmp/data2/production-5efa5d5ee89742.10292194/8590-Setting_up_a_virtual_connection__using_parameters_-html5/out
[29-Jun-2020 23:30:14 Europe/Stockholm] Copy file 'bootstrap-3.0.2.min.css'
[29-Jun-2020 23:30:14 Europe/Stockholm] Copy file 'bootstrap-theme-3.0.2.min.css'
[29-Jun-2020 23:30:14 Europe/Stockholm] Copy file 'bootstrap-theme.min.css'
[29-Jun-2020 23:30:14 Europe/Stockholm] Copy file 'bootstrap-theme.min.css.map'
[29-Jun-2020 23:30:14 Europe/Stockholm] Copy file 'bootstrap.min.css'
[29-Jun-2020 23:30:14 Europe/Stockholm] Copy file 'bootstrap.min.css.map'
[29-Jun-2020 23:30:14 Europe/Stockholm] Copy file 'content-theme1.css'
[29-Jun-2020 23:30:14 Europe/Stockholm] Copy file 'content-theme2.css'
[29-Jun-2020 23:30:14 Europe/Stockholm] Copy file 'docbook.css'
[29-Jun-2020 23:30:14 Europe/Stockholm] Copy file 'font-awesome.css'
[29-Jun-2020 23:30:14 Europe/Stockholm] Copy file 'graphical-lists.css'
[29-Jun-2020 23:30:14 Europe/Stockholm] Copy file 'html5.algoliasearch.css'
[29-Jun-2020 23:30:14 Europe/Stockholm] Copy file 'html5.algoliasearchpage.css'
[29-Jun-2020 23:30:14 Europe/Stockholm] Copy file 'mathml.css'
[29-Jun-2020 23:30:14 Europe/Stockholm] Copy file 'roboto.font.css'
[29-Jun-2020 23:30:14 Europe/Stockholm] Copy file 'rwd-table.min.css'
[29-Jun-2020 23:30:14 Europe/Stockholm] Copy file 'sm-core-css.css'
[29-Jun-2020 23:30:14 Europe/Stockholm] Copy file 'sm-simple.css'
[29-Jun-2020 23:30:14 Europe/Stockholm] Copy file 'style-api-responsive.css'
[29-Jun-2020 23:30:14 Europe/Stockholm] Copy file 'style-api.css'
[29-Jun-2020 23:30:14 Europe/Stockholm] Copy file 'style-common.css'
[29-Jun-2020 23:30:14 Europe/Stockholm] Copy file 'style-index-page.css'
[29-Jun-2020 23:30:14 Europe/Stockholm] Copy file 'style-modern-tables.css'
[29-Jun-2020 23:30:14 Europe/Stockholm] Copy file 'style-print.css'
[29-Jun-2020 23:30:14 Europe/Stockholm] Copy file 'style-responsive.css'
[29-Jun-2020 23:30:14 Europe/Stockholm] Copy file 'style-single-page.css'
[29-Jun-2020 23:30:14 Europe/Stockholm] Copy file 'style.css'
[29-Jun-2020 23:30:14 Europe/Stockholm] Copy file 'theme0.css'
[29-Jun-2020 23:30:14 Europe/Stockholm] Copy file 'theme1-colors.css'
[29-Jun-2020 23:30:14 Europe/Stockholm] Copy file 'theme1.css'
[29-Jun-2020 23:30:14 Europe/Stockholm] Copy file 'theme2-colors.css'
[29-Jun-2020 23:30:14 Europe/Stockholm] Copy file 'theme2.css'
[29-Jun-2020 23:30:14 Europe/Stockholm] Copy file 'theme3-colors.css'
[29-Jun-2020 23:30:14 Europe/Stockholm] Copy file 'theme3.css'
[29-Jun-2020 23:30:14 Europe/Stockholm] Copy file 'theme3b-colors.css'
[29-Jun-2020 23:30:14 Europe/Stockholm] Copy file 'theme3b.css'
[29-Jun-2020 23:30:14 Europe/Stockholm] Filename: css/image/*
[29-Jun-2020 23:30:14 Europe/Stockholm] Source directory: /var/www/ccms/application/lib/docbook/xsl/html5
[29-Jun-2020 23:30:14 Europe/Stockholm] Target directory: /paligo/tmp/data2/production-5efa5d5ee89742.10292194/8590-Setting_up_a_virtual_connection__using_parameters_-html5/out
[29-Jun-2020 23:30:14 Europe/Stockholm] Copy file 'breadcrumb-seperator.png'
[29-Jun-2020 23:30:14 Europe/Stockholm] Copy file 'caution.png'
[29-Jun-2020 23:30:14 Europe/Stockholm] Copy file 'corporate-logo-blue-inverted.svg'
[29-Jun-2020 23:30:14 Europe/Stockholm] Copy file 'corporate-logo-blue.svg'
[29-Jun-2020 23:30:14 Europe/Stockholm] Copy file 'corporate-logo-white.png'
[29-Jun-2020 23:30:14 Europe/Stockholm] Copy file 'corporate-logo-white.svg'
[29-Jun-2020 23:30:14 Europe/Stockholm] Copy file 'corporate-logo.png'
[29-Jun-2020 23:30:14 Europe/Stockholm] Copy file 'corporate-logo.svg'
[29-Jun-2020 23:30:14 Europe/Stockholm] Copy file 'important.png'
[29-Jun-2020 23:30:14 Europe/Stockholm] Copy file 'note.png'
[29-Jun-2020 23:30:14 Europe/Stockholm] Copy file 'portal1-bg.jpg'
[29-Jun-2020 23:30:14 Europe/Stockholm] Copy file 'portal2a-bg.jpg'
[29-Jun-2020 23:30:14 Europe/Stockholm] Copy file 'portal2b-bg.jpg'
[29-Jun-2020 23:30:14 Europe/Stockholm] Copy file 'portal2c-bg.jpg'
[29-Jun-2020 23:30:14 Europe/Stockholm] Copy file 'subheader-bg.png'
[29-Jun-2020 23:30:14 Europe/Stockholm] Copy file 'warning.png'
[29-Jun-2020 23:30:14 Europe/Stockholm] Filename: css/image/callouts/*
[29-Jun-2020 23:30:14 Europe/Stockholm] Source directory: /var/www/ccms/application/lib/docbook/xsl/html5
[29-Jun-2020 23:30:14 Europe/Stockholm] Target directory: /paligo/tmp/data2/production-5efa5d5ee89742.10292194/8590-Setting_up_a_virtual_connection__using_parameters_-html5/out
[29-Jun-2020 23:30:14 Europe/Stockholm] Copy file '1.gif'
[29-Jun-2020 23:30:14 Europe/Stockholm] Copy file '1.png'
[29-Jun-2020 23:30:14 Europe/Stockholm] Copy file '1.svg'
[29-Jun-2020 23:30:14 Europe/Stockholm] Copy file '10.gif'
[29-Jun-2020 23:30:14 Europe/Stockholm] Copy file '10.png'
[29-Jun-2020 23:30:14 Europe/Stockholm] Copy file '10.svg'
[29-Jun-2020 23:30:14 Europe/Stockholm] Copy file '11.gif'
[29-Jun-2020 23:30:14 Europe/Stockholm] Copy file '11.png'
[29-Jun-2020 23:30:14 Europe/Stockholm] Copy file '11.svg'
[29-Jun-2020 23:30:14 Europe/Stockholm] Copy file '12.gif'
[29-Jun-2020 23:30:14 Europe/Stockholm] Copy file '12.png'
[29-Jun-2020 23:30:14 Europe/Stockholm] Copy file '12.svg'
[29-Jun-2020 23:30:14 Europe/Stockholm] Copy file '13.gif'
[29-Jun-2020 23:30:14 Europe/Stockholm] Copy file '13.png'
[29-Jun-2020 23:30:14 Europe/Stockholm] Copy file '13.svg'
[29-Jun-2020 23:30:14 Europe/Stockholm] Copy file '14.gif'
[29-Jun-2020 23:30:14 Europe/Stockholm] Copy file '14.png'
[29-Jun-2020 23:30:14 Europe/Stockholm] Copy file '14.svg'
[29-Jun-2020 23:30:14 Europe/Stockholm] Copy file '15.gif'
[29-Jun-2020 23:30:14 Europe/Stockholm] Copy file '15.png'
[29-Jun-2020 23:30:14 Europe/Stockholm] Copy file '15.svg'
[29-Jun-2020 23:30:14 Europe/Stockholm] Copy file '16.svg'
[29-Jun-2020 23:30:14 Europe/Stockholm] Copy file '17.svg'
[29-Jun-2020 23:30:14 Europe/Stockholm] Copy file '18.svg'
[29-Jun-2020 23:30:14 Europe/Stockholm] Copy file '19.svg'
[29-Jun-2020 23:30:14 Europe/Stockholm] Copy file '2.gif'
[29-Jun-2020 23:30:14 Europe/Stockholm] Copy file '2.png'
[29-Jun-2020 23:30:14 Europe/Stockholm] Copy file '2.svg'
[29-Jun-2020 23:30:14 Europe/Stockholm] Copy file '20.svg'
[29-Jun-2020 23:30:14 Europe/Stockholm] Copy file '21.svg'
[29-Jun-2020 23:30:14 Europe/Stockholm] Copy file '22.svg'
[29-Jun-2020 23:30:14 Europe/Stockholm] Copy file '23.svg'
[29-Jun-2020 23:30:14 Europe/Stockholm] Copy file '24.svg'
[29-Jun-2020 23:30:14 Europe/Stockholm] Copy file '25.svg'
[29-Jun-2020 23:30:14 Europe/Stockholm] Copy file '26.svg'
[29-Jun-2020 23:30:14 Europe/Stockholm] Copy file '27.svg'
[29-Jun-2020 23:30:14 Europe/Stockholm] Copy file '28.svg'
[29-Jun-2020 23:30:14 Europe/Stockholm] Copy file '29.svg'
[29-Jun-2020 23:30:14 Europe/Stockholm] Copy file '3.gif'
[29-Jun-2020 23:30:14 Europe/Stockholm] Copy file '3.png'
[29-Jun-2020 23:30:14 Europe/Stockholm] Copy file '3.svg'
[29-Jun-2020 23:30:14 Europe/Stockholm] Copy file '30.svg'
[29-Jun-2020 23:30:14 Europe/Stockholm] Copy file '4.gif'
[29-Jun-2020 23:30:14 Europe/Stockholm] Copy file '4.png'
[29-Jun-2020 23:30:14 Europe/Stockholm] Copy file '4.svg'
[29-Jun-2020 23:30:14 Europe/Stockholm] Copy file '5.gif'
[29-Jun-2020 23:30:14 Europe/Stockholm] Copy file '5.png'
[29-Jun-2020 23:30:14 Europe/Stockholm] Copy file '5.svg'
[29-Jun-2020 23:30:14 Europe/Stockholm] Copy file '6.gif'
[29-Jun-2020 23:30:14 Europe/Stockholm] Copy file '6.png'
[29-Jun-2020 23:30:14 Europe/Stockholm] Copy file '6.svg'
[29-Jun-2020 23:30:14 Europe/Stockholm] Copy file '7.gif'
[29-Jun-2020 23:30:14 Europe/Stockholm] Copy file '7.png'
[29-Jun-2020 23:30:14 Europe/Stockholm] Copy file '7.svg'
[29-Jun-2020 23:30:14 Europe/Stockholm] Copy file '8.gif'
[29-Jun-2020 23:30:14 Europe/Stockholm] Copy file '8.png'
[29-Jun-2020 23:30:14 Europe/Stockholm] Copy file '8.svg'
[29-Jun-2020 23:30:14 Europe/Stockholm] Copy file '9.gif'
[29-Jun-2020 23:30:14 Europe/Stockholm] Copy file '9.png'
[29-Jun-2020 23:30:14 Europe/Stockholm] Copy file '9.svg'
[29-Jun-2020 23:30:14 Europe/Stockholm] Filename: js/*
[29-Jun-2020 23:30:14 Europe/Stockholm] Source directory: /var/www/ccms/application/lib/docbook/xsl/html5
[29-Jun-2020 23:30:14 Europe/Stockholm] Target directory: /paligo/tmp/data2/production-5efa5d5ee89742.10292194/8590-Setting_up_a_virtual_connection__using_parameters_-html5/out
[29-Jun-2020 23:30:14 Europe/Stockholm] Copy file 'ajax-loading.js'
[29-Jun-2020 23:30:14 Europe/Stockholm] Copy file 'anchorlinks.js'
[29-Jun-2020 23:30:14 Europe/Stockholm] Copy file 'bootstrap.min.js'
[29-Jun-2020 23:30:14 Europe/Stockholm] Copy file 'checklist.js'
[29-Jun-2020 23:30:14 Europe/Stockholm] Copy file 'clipboard.min.js'
[29-Jun-2020 23:30:14 Europe/Stockholm] Copy file 'cookie-consent.js'
[29-Jun-2020 23:30:14 Europe/Stockholm] Copy file 'create-toc.js'
[29-Jun-2020 23:30:14 Europe/Stockholm] Copy file 'csh.js'
[29-Jun-2020 23:30:14 Europe/Stockholm] Copy file 'fuse.min.js'
[29-Jun-2020 23:30:14 Europe/Stockholm] Copy file 'hilitor.js'
[29-Jun-2020 23:30:14 Europe/Stockholm] Copy file 'html5-2-ajax-hp.js'
[29-Jun-2020 23:30:14 Europe/Stockholm] Copy file 'html5-2-ajax.js'
[29-Jun-2020 23:30:14 Europe/Stockholm] Copy file 'html5-2-mp-common.js'
[29-Jun-2020 23:30:14 Europe/Stockholm] Copy file 'html5-2-portal.js'
[29-Jun-2020 23:30:14 Europe/Stockholm] Copy file 'html5-2.js'
[29-Jun-2020 23:30:14 Europe/Stockholm] Copy file 'html5.algoliasearch.js'
[29-Jun-2020 23:30:14 Europe/Stockholm] Copy file 'html5.algoliasearchpage.js'
[29-Jun-2020 23:30:14 Europe/Stockholm] Copy file 'html5.fuse.search.js'
[29-Jun-2020 23:30:14 Europe/Stockholm] Copy file 'jquery-1.10.2.min.js'
[29-Jun-2020 23:30:14 Europe/Stockholm] Copy file 'jquery-1.10.2.min.map'
[29-Jun-2020 23:30:14 Europe/Stockholm] Copy file 'jquery-migrate-3.0.1.min.js'
[29-Jun-2020 23:30:14 Europe/Stockholm] Copy file 'jquery-ui-1.10.3.custom.min.js'
[29-Jun-2020 23:30:14 Europe/Stockholm] Copy file 'jquery.event.move.js'
[29-Jun-2020 23:30:14 Europe/Stockholm] Copy file 'jquery.event.swipe.js'
[29-Jun-2020 23:30:14 Europe/Stockholm] Copy file 'jquery.mark.min.js'
[29-Jun-2020 23:30:14 Europe/Stockholm] Copy file 'jquery.smartmenus.js'
[29-Jun-2020 23:30:14 Europe/Stockholm] Copy file 'jquery.sticky.js'
[29-Jun-2020 23:30:14 Europe/Stockholm] Copy file 'lunr-single-lang.js'
[29-Jun-2020 23:30:14 Europe/Stockholm] Copy file 'lunr.js'
[29-Jun-2020 23:30:14 Europe/Stockholm] Copy file 'materialize.min.js'
[29-Jun-2020 23:30:14 Europe/Stockholm] Copy file 'mspace.js'
[29-Jun-2020 23:30:14 Europe/Stockholm] Copy file 'purl.js'
[29-Jun-2020 23:30:14 Europe/Stockholm] Copy file 'respond.min.js'
[29-Jun-2020 23:30:14 Europe/Stockholm] Copy file 'responsive-tables.js'
[29-Jun-2020 23:30:14 Europe/Stockholm] Copy file 'rwd-table.min.js'
[29-Jun-2020 23:30:14 Europe/Stockholm] Copy file 'script-api.js'
[29-Jun-2020 23:30:14 Europe/Stockholm] Copy file 'script.js'
[29-Jun-2020 23:30:14 Europe/Stockholm] Copy file 'search.js'
[29-Jun-2020 23:30:14 Europe/Stockholm] Copy file 'updateurl.js'
[29-Jun-2020 23:30:14 Europe/Stockholm] Filename: fonts/*
[29-Jun-2020 23:30:14 Europe/Stockholm] Source directory: /var/www/ccms/application/lib/docbook/xsl/html5
[29-Jun-2020 23:30:14 Europe/Stockholm] Target directory: /paligo/tmp/data2/production-5efa5d5ee89742.10292194/8590-Setting_up_a_virtual_connection__using_parameters_-html5/out
[29-Jun-2020 23:30:14 Europe/Stockholm] Copy file 'FontAwesome.otf'
[29-Jun-2020 23:30:14 Europe/Stockholm] Copy file 'fontawesome-webfont.eot'
[29-Jun-2020 23:30:14 Europe/Stockholm] Copy file 'fontawesome-webfont.svg'
[29-Jun-2020 23:30:14 Europe/Stockholm] Copy file 'fontawesome-webfont.ttf'
[29-Jun-2020 23:30:14 Europe/Stockholm] Copy file 'fontawesome-webfont.woff'
[29-Jun-2020 23:30:14 Europe/Stockholm] Copy file 'fontawesome-webfont.woff2'
[29-Jun-2020 23:30:14 Europe/Stockholm] Copy file 'glyphicons-halflings-regular.eot'
[29-Jun-2020 23:30:14 Europe/Stockholm] Copy file 'glyphicons-halflings-regular.svg'
[29-Jun-2020 23:30:14 Europe/Stockholm] Copy file 'glyphicons-halflings-regular.ttf'
[29-Jun-2020 23:30:14 Europe/Stockholm] Copy file 'glyphicons-halflings-regular.woff'
[29-Jun-2020 23:30:14 Europe/Stockholm] Copy file 'glyphicons-halflings-regular.woff2'
[29-Jun-2020 23:30:14 Europe/Stockholm] Copy file 'roboto-v20-vietnamese_latin-ext_latin_greek-ext_greek_cyrillic-ext_cyrillic-300.eot'
[29-Jun-2020 23:30:14 Europe/Stockholm] Copy file 'roboto-v20-vietnamese_latin-ext_latin_greek-ext_greek_cyrillic-ext_cyrillic-300.svg'
[29-Jun-2020 23:30:14 Europe/Stockholm] Copy file 'roboto-v20-vietnamese_latin-ext_latin_greek-ext_greek_cyrillic-ext_cyrillic-300.ttf'
[29-Jun-2020 23:30:14 Europe/Stockholm] Copy file 'roboto-v20-vietnamese_latin-ext_latin_greek-ext_greek_cyrillic-ext_cyrillic-300.woff'
[29-Jun-2020 23:30:14 Europe/Stockholm] Copy file 'roboto-v20-vietnamese_latin-ext_latin_greek-ext_greek_cyrillic-ext_cyrillic-300.woff2'
[29-Jun-2020 23:30:14 Europe/Stockholm] Copy file 'roboto-v20-vietnamese_latin-ext_latin_greek-ext_greek_cyrillic-ext_cyrillic-700.eot'
[29-Jun-2020 23:30:14 Europe/Stockholm] Copy file 'roboto-v20-vietnamese_latin-ext_latin_greek-ext_greek_cyrillic-ext_cyrillic-700.svg'
[29-Jun-2020 23:30:14 Europe/Stockholm] Copy file 'roboto-v20-vietnamese_latin-ext_latin_greek-ext_greek_cyrillic-ext_cyrillic-700.ttf'
[29-Jun-2020 23:30:14 Europe/Stockholm] Copy file 'roboto-v20-vietnamese_latin-ext_latin_greek-ext_greek_cyrillic-ext_cyrillic-700.woff'
[29-Jun-2020 23:30:14 Europe/Stockholm] Copy file 'roboto-v20-vietnamese_latin-ext_latin_greek-ext_greek_cyrillic-ext_cyrillic-700.woff2'
[29-Jun-2020 23:30:14 Europe/Stockholm] Copy file 'roboto-v20-vietnamese_latin-ext_latin_greek-ext_greek_cyrillic-ext_cyrillic-regular.eot'
[29-Jun-2020 23:30:14 Europe/Stockholm] Copy file 'roboto-v20-vietnamese_latin-ext_latin_greek-ext_greek_cyrillic-ext_cyrillic-regular.svg'
[29-Jun-2020 23:30:14 Europe/Stockholm] Copy file 'roboto-v20-vietnamese_latin-ext_latin_greek-ext_greek_cyrillic-ext_cyrillic-regular.ttf'
[29-Jun-2020 23:30:14 Europe/Stockholm] Copy file 'roboto-v20-vietnamese_latin-ext_latin_greek-ext_greek_cyrillic-ext_cyrillic-regular.woff'
[29-Jun-2020 23:30:14 Europe/Stockholm] Copy file 'roboto-v20-vietnamese_latin-ext_latin_greek-ext_greek_cyrillic-ext_cyrillic-regular.woff2'
[29-Jun-2020 23:30:14 Europe/Stockholm] Copy file '/var/www/ccms/application/lib/docbook/xsl/html5/css/image/corporate-logo.png' to '/paligo/tmp/data2/production-5efa5d5ee89742.10292194/8590-Setting_up_a_virtual_connection__using_parameters_-html5/out/css/image/corporate-logo.png'
[29-Jun-2020 23:30:14 Europe/Stockholm] Post build HTML5
[29/Jun/2020 23:30:15 Europe/Stockholm] [Info] Transformation: index-en.html -> toc-en.html [html5.toc.xsl]
[29/Jun/2020 23:30:15 Europe/Stockholm] [Info] Transformation: index-en.html -> index-en.html [html5.page.xsl]
[29/Jun/2020 23:30:15 Europe/Stockholm] [Info] Generating index page.
[29/Jun/2020 23:30:15 Europe/Stockholm] [Info] Transformation: index.manifest -> index.html [html5.index.xsl]
[29/Jun/2020 23:30:16 Europe/Stockholm] [Info] # Took 7.900125 seconds to render.
