[30/Jun/2020 00:46:19 Europe/Stockholm] [Info] ############################################################
[30/Jun/2020 00:46:19 Europe/Stockholm] [Info] # Output Factory initiated (html5)
[30/Jun/2020 00:46:19 Europe/Stockholm] [Info] # Building output for: Connecting a data source for your Enterprise Free Trial
[30/Jun/2020 00:46:19 Europe/Stockholm] [Info] # URL /document/edit/7940
[30/Jun/2020 00:46:19 Europe/Stockholm] [Info] # User: Brenda Griffith
[30/Jun/2020 00:46:19 Europe/Stockholm] [Info] # Time: Tue, 30 Jun 2020 00:46:19 +0200
[30/Jun/2020 00:46:19 Europe/Stockholm] [Info] # Server: anderlecht
[30/Jun/2020 00:46:19 Europe/Stockholm] [Info] ############################################################
[30/Jun/2020 00:46:19 Europe/Stockholm] [Info] Group: system
[30/Jun/2020 00:46:19 Europe/Stockholm] [Info] Type: html5
[30/Jun/2020 00:46:19 Europe/Stockholm] [Info] Transformation: /var/www/ccms/application/lib/docbook/xsl/html5/html5-2.xsl
[30/Jun/2020 00:46:19 Europe/Stockholm] [Info] File found: /var/www/ccms/application/lib/docbook/xsl/html5/html5-2.xsl
[30/Jun/2020 00:46:19 Europe/Stockholm] [Info] ############################################################
[30/Jun/2020 00:46:19 Europe/Stockholm] [Info] Building output for: html5
[30/Jun/2020 00:46:19 Europe/Stockholm] [Info] Using stylesheet: /var/www/ccms/application/lib/docbook/xsl/html5/html5-2.xsl
[30/Jun/2020 00:46:19 Europe/Stockholm] [Info] Parameters for this build: (array) []
[30/Jun/2020 00:46:19 Europe/Stockholm] [Info] Environment variables for this build: (array) []
[30/Jun/2020 00:46:19 Europe/Stockholm] [Info] Building output for languages: (array) ["en"]
[30/Jun/2020 00:46:19 Europe/Stockholm] [Info] Building multilang: no
[30/Jun/2020 00:46:19 Europe/Stockholm] [Info] Building preview: no
[30/Jun/2020 00:46:19 Europe/Stockholm] [Info] ############################################################
[30/Jun/2020 00:46:19 Europe/Stockholm] [Info] Using build directory: /paligo/tmp/data2/production-5efa6f1c07e863.67530681/7940-Connecting_a_data_source_for_your_Enterprise_Free_Trial-html5
[30/Jun/2020 00:46:20 Europe/Stockholm] [Info] -- Generating source files
[30/Jun/2020 00:46:20 Europe/Stockholm] [Info] -- Source files have been generated
[30/Jun/2020 00:46:20 Europe/Stockholm] [Info] -- Publication has no unresolved dependencies.
[30/Jun/2020 00:46:20 Europe/Stockholm] [Info] -- Generating source files complete.
[30/Jun/2020 00:46:20 Europe/Stockholm] [Info] Variable sets found: 0
[30/Jun/2020 00:46:21 Europe/Stockholm] [Info] Localizing: component-7940.xml
[30/Jun/2020 00:46:21 Europe/Stockholm] [Info] Language: en
[30/Jun/2020 00:46:21 Europe/Stockholm] [Warning] Resolving some links failed
[30/Jun/2020 00:46:21 Europe/Stockholm] [Info] [/*/*[7]/*[2]/*] An outgoing link in <a href="/document/edit/7947">Enterprise Free Trial QuickStart</a> could not be resolved. The link points to <a href="/document/edit/7940">Connecting a data source for your Enterprise Free Trial</a> which is not part of this publication.
[30/Jun/2020 00:46:22 Europe/Stockholm] [Info] Inserting image links.
[30/Jun/2020 00:46:22 Europe/Stockholm] [Info] Found 4 image(s).
[30/Jun/2020 00:46:22 Europe/Stockholm] [Info] Found image 'Screen_Shot_2020-03-11_at_1.51.29_PM.png'
[30/Jun/2020 00:46:22 Europe/Stockholm] [Info] Found image 'Screen_Shot_2020-03-12_at_1.37.40_PM.png'
[30/Jun/2020 00:46:22 Europe/Stockholm] [Info] Found image 'Screen_Shot_2020-03-12_at_10.47.37_AM.png'
[30/Jun/2020 00:46:22 Europe/Stockholm] [Info] Found image 'Screen_Shot_2020-03-12_at_1.52.48_PM.png'
[30/Jun/2020 00:46:23 Europe/Stockholm] [Info] Profiling parameters: (array) []
[30/Jun/2020 00:46:23 Europe/Stockholm] [Info] Profiling customisation: /var/www/ccms/usr/data2/xsl/profile.xsl (not found)
[30/Jun/2020 00:46:23 Europe/Stockholm] [Info] Transformation: component-7940--en.org.xml -> component-7940--en.xml [profile.xsl]
[30/Jun/2020 00:46:23 Europe/Stockholm] [Info] Transformation: component-7940--en.xml -> component-7940--en.xml [internal-xref.xsl]
[30/Jun/2020 00:46:23 Europe/Stockholm] [Info] Transformation: A-filelist.xml -> B-sorted.xml [IO.document.sortlang.xsl]
[30/Jun/2020 00:46:23 Europe/Stockholm] [Info] Transformation: B-sorted.xml -> C-concatenated.xml [IO.document.concat.xsl]
[30/Jun/2020 00:46:23 Europe/Stockholm] [Info] Transformation: B-sorted.xml -> index-en.xml [IO.document.head.xsl]
[30-Jun-2020 00:46:24 Europe/Stockholm] Parsing manifest file: css/*, css/image/*, css/image/callouts/*, js/*, js/jquery-3/*, fonts/*
[30-Jun-2020 00:46:24 Europe/Stockholm] Filename: css/*
[30-Jun-2020 00:46:24 Europe/Stockholm] Source directory: /var/www/ccms/application/lib/docbook/xsl/html5
[30-Jun-2020 00:46:24 Europe/Stockholm] Target directory: /paligo/tmp/data2/production-5efa6f1c07e863.67530681/7940-Connecting_a_data_source_for_your_Enterprise_Free_Trial-html5/out
[30-Jun-2020 00:46:24 Europe/Stockholm] Copy file 'bootstrap-3.0.2.min.css'
[30-Jun-2020 00:46:24 Europe/Stockholm] Copy file 'bootstrap-theme-3.0.2.min.css'
[30-Jun-2020 00:46:24 Europe/Stockholm] Copy file 'bootstrap-theme.min.css'
[30-Jun-2020 00:46:24 Europe/Stockholm] Copy file 'bootstrap-theme.min.css.map'
[30-Jun-2020 00:46:24 Europe/Stockholm] Copy file 'bootstrap.min.css'
[30-Jun-2020 00:46:24 Europe/Stockholm] Copy file 'bootstrap.min.css.map'
[30-Jun-2020 00:46:24 Europe/Stockholm] Copy file 'content-theme1.css'
[30-Jun-2020 00:46:24 Europe/Stockholm] Copy file 'content-theme2.css'
[30-Jun-2020 00:46:24 Europe/Stockholm] Copy file 'docbook.css'
[30-Jun-2020 00:46:24 Europe/Stockholm] Copy file 'font-awesome.css'
[30-Jun-2020 00:46:24 Europe/Stockholm] Copy file 'graphical-lists.css'
[30-Jun-2020 00:46:24 Europe/Stockholm] Copy file 'html5.algoliasearch.css'
[30-Jun-2020 00:46:24 Europe/Stockholm] Copy file 'html5.algoliasearchpage.css'
[30-Jun-2020 00:46:24 Europe/Stockholm] Copy file 'mathml.css'
[30-Jun-2020 00:46:24 Europe/Stockholm] Copy file 'roboto.font.css'
[30-Jun-2020 00:46:24 Europe/Stockholm] Copy file 'rwd-table.min.css'
[30-Jun-2020 00:46:24 Europe/Stockholm] Copy file 'sm-core-css.css'
[30-Jun-2020 00:46:24 Europe/Stockholm] Copy file 'sm-simple.css'
[30-Jun-2020 00:46:24 Europe/Stockholm] Copy file 'style-api-responsive.css'
[30-Jun-2020 00:46:24 Europe/Stockholm] Copy file 'style-api.css'
[30-Jun-2020 00:46:24 Europe/Stockholm] Copy file 'style-common.css'
[30-Jun-2020 00:46:24 Europe/Stockholm] Copy file 'style-index-page.css'
[30-Jun-2020 00:46:24 Europe/Stockholm] Copy file 'style-modern-tables.css'
[30-Jun-2020 00:46:24 Europe/Stockholm] Copy file 'style-print.css'
[30-Jun-2020 00:46:24 Europe/Stockholm] Copy file 'style-responsive.css'
[30-Jun-2020 00:46:24 Europe/Stockholm] Copy file 'style-single-page.css'
[30-Jun-2020 00:46:24 Europe/Stockholm] Copy file 'style.css'
[30-Jun-2020 00:46:24 Europe/Stockholm] Copy file 'theme0.css'
[30-Jun-2020 00:46:24 Europe/Stockholm] Copy file 'theme1-colors.css'
[30-Jun-2020 00:46:24 Europe/Stockholm] Copy file 'theme1.css'
[30-Jun-2020 00:46:24 Europe/Stockholm] Copy file 'theme2-colors.css'
[30-Jun-2020 00:46:24 Europe/Stockholm] Copy file 'theme2.css'
[30-Jun-2020 00:46:24 Europe/Stockholm] Copy file 'theme3-colors.css'
[30-Jun-2020 00:46:24 Europe/Stockholm] Copy file 'theme3.css'
[30-Jun-2020 00:46:24 Europe/Stockholm] Copy file 'theme3b-colors.css'
[30-Jun-2020 00:46:24 Europe/Stockholm] Copy file 'theme3b.css'
[30-Jun-2020 00:46:24 Europe/Stockholm] Filename: css/image/*
[30-Jun-2020 00:46:24 Europe/Stockholm] Source directory: /var/www/ccms/application/lib/docbook/xsl/html5
[30-Jun-2020 00:46:24 Europe/Stockholm] Target directory: /paligo/tmp/data2/production-5efa6f1c07e863.67530681/7940-Connecting_a_data_source_for_your_Enterprise_Free_Trial-html5/out
[30-Jun-2020 00:46:24 Europe/Stockholm] Copy file 'breadcrumb-seperator.png'
[30-Jun-2020 00:46:24 Europe/Stockholm] Copy file 'caution.png'
[30-Jun-2020 00:46:24 Europe/Stockholm] Copy file 'corporate-logo-blue-inverted.svg'
[30-Jun-2020 00:46:24 Europe/Stockholm] Copy file 'corporate-logo-blue.svg'
[30-Jun-2020 00:46:24 Europe/Stockholm] Copy file 'corporate-logo-white.png'
[30-Jun-2020 00:46:24 Europe/Stockholm] Copy file 'corporate-logo-white.svg'
[30-Jun-2020 00:46:24 Europe/Stockholm] Copy file 'corporate-logo.png'
[30-Jun-2020 00:46:24 Europe/Stockholm] Copy file 'corporate-logo.svg'
[30-Jun-2020 00:46:24 Europe/Stockholm] Copy file 'important.png'
[30-Jun-2020 00:46:24 Europe/Stockholm] Copy file 'note.png'
[30-Jun-2020 00:46:24 Europe/Stockholm] Copy file 'portal1-bg.jpg'
[30-Jun-2020 00:46:24 Europe/Stockholm] Copy file 'portal2a-bg.jpg'
[30-Jun-2020 00:46:24 Europe/Stockholm] Copy file 'portal2b-bg.jpg'
[30-Jun-2020 00:46:24 Europe/Stockholm] Copy file 'portal2c-bg.jpg'
[30-Jun-2020 00:46:24 Europe/Stockholm] Copy file 'subheader-bg.png'
[30-Jun-2020 00:46:24 Europe/Stockholm] Copy file 'warning.png'
[30-Jun-2020 00:46:24 Europe/Stockholm] Filename: css/image/callouts/*
[30-Jun-2020 00:46:24 Europe/Stockholm] Source directory: /var/www/ccms/application/lib/docbook/xsl/html5
[30-Jun-2020 00:46:24 Europe/Stockholm] Target directory: /paligo/tmp/data2/production-5efa6f1c07e863.67530681/7940-Connecting_a_data_source_for_your_Enterprise_Free_Trial-html5/out
[30-Jun-2020 00:46:24 Europe/Stockholm] Copy file '1.gif'
[30-Jun-2020 00:46:24 Europe/Stockholm] Copy file '1.png'
[30-Jun-2020 00:46:24 Europe/Stockholm] Copy file '1.svg'
[30-Jun-2020 00:46:24 Europe/Stockholm] Copy file '10.gif'
[30-Jun-2020 00:46:24 Europe/Stockholm] Copy file '10.png'
[30-Jun-2020 00:46:24 Europe/Stockholm] Copy file '10.svg'
[30-Jun-2020 00:46:24 Europe/Stockholm] Copy file '11.gif'
[30-Jun-2020 00:46:24 Europe/Stockholm] Copy file '11.png'
[30-Jun-2020 00:46:24 Europe/Stockholm] Copy file '11.svg'
[30-Jun-2020 00:46:24 Europe/Stockholm] Copy file '12.gif'
[30-Jun-2020 00:46:24 Europe/Stockholm] Copy file '12.png'
[30-Jun-2020 00:46:24 Europe/Stockholm] Copy file '12.svg'
[30-Jun-2020 00:46:24 Europe/Stockholm] Copy file '13.gif'
[30-Jun-2020 00:46:24 Europe/Stockholm] Copy file '13.png'
[30-Jun-2020 00:46:24 Europe/Stockholm] Copy file '13.svg'
[30-Jun-2020 00:46:24 Europe/Stockholm] Copy file '14.gif'
[30-Jun-2020 00:46:24 Europe/Stockholm] Copy file '14.png'
[30-Jun-2020 00:46:24 Europe/Stockholm] Copy file '14.svg'
[30-Jun-2020 00:46:24 Europe/Stockholm] Copy file '15.gif'
[30-Jun-2020 00:46:24 Europe/Stockholm] Copy file '15.png'
[30-Jun-2020 00:46:24 Europe/Stockholm] Copy file '15.svg'
[30-Jun-2020 00:46:24 Europe/Stockholm] Copy file '16.svg'
[30-Jun-2020 00:46:24 Europe/Stockholm] Copy file '17.svg'
[30-Jun-2020 00:46:24 Europe/Stockholm] Copy file '18.svg'
[30-Jun-2020 00:46:24 Europe/Stockholm] Copy file '19.svg'
[30-Jun-2020 00:46:24 Europe/Stockholm] Copy file '2.gif'
[30-Jun-2020 00:46:24 Europe/Stockholm] Copy file '2.png'
[30-Jun-2020 00:46:24 Europe/Stockholm] Copy file '2.svg'
[30-Jun-2020 00:46:24 Europe/Stockholm] Copy file '20.svg'
[30-Jun-2020 00:46:24 Europe/Stockholm] Copy file '21.svg'
[30-Jun-2020 00:46:24 Europe/Stockholm] Copy file '22.svg'
[30-Jun-2020 00:46:24 Europe/Stockholm] Copy file '23.svg'
[30-Jun-2020 00:46:24 Europe/Stockholm] Copy file '24.svg'
[30-Jun-2020 00:46:24 Europe/Stockholm] Copy file '25.svg'
[30-Jun-2020 00:46:24 Europe/Stockholm] Copy file '26.svg'
[30-Jun-2020 00:46:24 Europe/Stockholm] Copy file '27.svg'
[30-Jun-2020 00:46:24 Europe/Stockholm] Copy file '28.svg'
[30-Jun-2020 00:46:24 Europe/Stockholm] Copy file '29.svg'
[30-Jun-2020 00:46:24 Europe/Stockholm] Copy file '3.gif'
[30-Jun-2020 00:46:24 Europe/Stockholm] Copy file '3.png'
[30-Jun-2020 00:46:24 Europe/Stockholm] Copy file '3.svg'
[30-Jun-2020 00:46:24 Europe/Stockholm] Copy file '30.svg'
[30-Jun-2020 00:46:24 Europe/Stockholm] Copy file '4.gif'
[30-Jun-2020 00:46:24 Europe/Stockholm] Copy file '4.png'
[30-Jun-2020 00:46:24 Europe/Stockholm] Copy file '4.svg'
[30-Jun-2020 00:46:24 Europe/Stockholm] Copy file '5.gif'
[30-Jun-2020 00:46:24 Europe/Stockholm] Copy file '5.png'
[30-Jun-2020 00:46:24 Europe/Stockholm] Copy file '5.svg'
[30-Jun-2020 00:46:24 Europe/Stockholm] Copy file '6.gif'
[30-Jun-2020 00:46:24 Europe/Stockholm] Copy file '6.png'
[30-Jun-2020 00:46:24 Europe/Stockholm] Copy file '6.svg'
[30-Jun-2020 00:46:24 Europe/Stockholm] Copy file '7.gif'
[30-Jun-2020 00:46:24 Europe/Stockholm] Copy file '7.png'
[30-Jun-2020 00:46:24 Europe/Stockholm] Copy file '7.svg'
[30-Jun-2020 00:46:24 Europe/Stockholm] Copy file '8.gif'
[30-Jun-2020 00:46:24 Europe/Stockholm] Copy file '8.png'
[30-Jun-2020 00:46:24 Europe/Stockholm] Copy file '8.svg'
[30-Jun-2020 00:46:24 Europe/Stockholm] Copy file '9.gif'
[30-Jun-2020 00:46:24 Europe/Stockholm] Copy file '9.png'
[30-Jun-2020 00:46:24 Europe/Stockholm] Copy file '9.svg'
[30-Jun-2020 00:46:24 Europe/Stockholm] Filename: js/*
[30-Jun-2020 00:46:24 Europe/Stockholm] Source directory: /var/www/ccms/application/lib/docbook/xsl/html5
[30-Jun-2020 00:46:24 Europe/Stockholm] Target directory: /paligo/tmp/data2/production-5efa6f1c07e863.67530681/7940-Connecting_a_data_source_for_your_Enterprise_Free_Trial-html5/out
[30-Jun-2020 00:46:24 Europe/Stockholm] Copy file 'ajax-loading.js'
[30-Jun-2020 00:46:24 Europe/Stockholm] Copy file 'anchorlinks.js'
[30-Jun-2020 00:46:24 Europe/Stockholm] Copy file 'bootstrap.min.js'
[30-Jun-2020 00:46:24 Europe/Stockholm] Copy file 'checklist.js'
[30-Jun-2020 00:46:24 Europe/Stockholm] Copy file 'clipboard.min.js'
[30-Jun-2020 00:46:24 Europe/Stockholm] Copy file 'cookie-consent.js'
[30-Jun-2020 00:46:24 Europe/Stockholm] Copy file 'create-toc.js'
[30-Jun-2020 00:46:24 Europe/Stockholm] Copy file 'csh.js'
[30-Jun-2020 00:46:24 Europe/Stockholm] Copy file 'fuse.min.js'
[30-Jun-2020 00:46:24 Europe/Stockholm] Copy file 'hilitor.js'
[30-Jun-2020 00:46:24 Europe/Stockholm] Copy file 'html5-2-ajax-hp.js'
[30-Jun-2020 00:46:24 Europe/Stockholm] Copy file 'html5-2-ajax.js'
[30-Jun-2020 00:46:24 Europe/Stockholm] Copy file 'html5-2-mp-common.js'
[30-Jun-2020 00:46:24 Europe/Stockholm] Copy file 'html5-2-portal.js'
[30-Jun-2020 00:46:24 Europe/Stockholm] Copy file 'html5-2.js'
[30-Jun-2020 00:46:24 Europe/Stockholm] Copy file 'html5.algoliasearch.js'
[30-Jun-2020 00:46:24 Europe/Stockholm] Copy file 'html5.algoliasearchpage.js'
[30-Jun-2020 00:46:24 Europe/Stockholm] Copy file 'html5.fuse.search.js'
[30-Jun-2020 00:46:24 Europe/Stockholm] Copy file 'jquery-1.10.2.min.js'
[30-Jun-2020 00:46:24 Europe/Stockholm] Copy file 'jquery-1.10.2.min.map'
[30-Jun-2020 00:46:24 Europe/Stockholm] Copy file 'jquery-migrate-3.0.1.min.js'
[30-Jun-2020 00:46:24 Europe/Stockholm] Copy file 'jquery-ui-1.10.3.custom.min.js'
[30-Jun-2020 00:46:24 Europe/Stockholm] Copy file 'jquery.event.move.js'
[30-Jun-2020 00:46:24 Europe/Stockholm] Copy file 'jquery.event.swipe.js'
[30-Jun-2020 00:46:24 Europe/Stockholm] Copy file 'jquery.mark.min.js'
[30-Jun-2020 00:46:24 Europe/Stockholm] Copy file 'jquery.smartmenus.js'
[30-Jun-2020 00:46:24 Europe/Stockholm] Copy file 'jquery.sticky.js'
[30-Jun-2020 00:46:24 Europe/Stockholm] Copy file 'lunr-single-lang.js'
[30-Jun-2020 00:46:24 Europe/Stockholm] Copy file 'lunr.js'
[30-Jun-2020 00:46:24 Europe/Stockholm] Copy file 'materialize.min.js'
[30-Jun-2020 00:46:24 Europe/Stockholm] Copy file 'mspace.js'
[30-Jun-2020 00:46:24 Europe/Stockholm] Copy file 'purl.js'
[30-Jun-2020 00:46:24 Europe/Stockholm] Copy file 'respond.min.js'
[30-Jun-2020 00:46:24 Europe/Stockholm] Copy file 'responsive-tables.js'
[30-Jun-2020 00:46:24 Europe/Stockholm] Copy file 'rwd-table.min.js'
[30-Jun-2020 00:46:24 Europe/Stockholm] Copy file 'script-api.js'
[30-Jun-2020 00:46:24 Europe/Stockholm] Copy file 'script.js'
[30-Jun-2020 00:46:24 Europe/Stockholm] Copy file 'search.js'
[30-Jun-2020 00:46:24 Europe/Stockholm] Copy file 'updateurl.js'
[30-Jun-2020 00:46:24 Europe/Stockholm] Filename: js/jquery-3/*
[30-Jun-2020 00:46:24 Europe/Stockholm] Source directory: /var/www/ccms/application/lib/docbook/xsl/html5
[30-Jun-2020 00:46:24 Europe/Stockholm] Target directory: /paligo/tmp/data2/production-5efa6f1c07e863.67530681/7940-Connecting_a_data_source_for_your_Enterprise_Free_Trial-html5/out
[30-Jun-2020 00:46:24 Europe/Stockholm] Copy file 'jquery-3.4.1.min.js'
[30-Jun-2020 00:46:24 Europe/Stockholm] Filename: fonts/*
[30-Jun-2020 00:46:24 Europe/Stockholm] Source directory: /var/www/ccms/application/lib/docbook/xsl/html5
[30-Jun-2020 00:46:24 Europe/Stockholm] Target directory: /paligo/tmp/data2/production-5efa6f1c07e863.67530681/7940-Connecting_a_data_source_for_your_Enterprise_Free_Trial-html5/out
[30-Jun-2020 00:46:24 Europe/Stockholm] Copy file 'FontAwesome.otf'
[30-Jun-2020 00:46:24 Europe/Stockholm] Copy file 'fontawesome-webfont.eot'
[30-Jun-2020 00:46:24 Europe/Stockholm] Copy file 'fontawesome-webfont.svg'
[30-Jun-2020 00:46:24 Europe/Stockholm] Copy file 'fontawesome-webfont.ttf'
[30-Jun-2020 00:46:24 Europe/Stockholm] Copy file 'fontawesome-webfont.woff'
[30-Jun-2020 00:46:24 Europe/Stockholm] Copy file 'fontawesome-webfont.woff2'
[30-Jun-2020 00:46:24 Europe/Stockholm] Copy file 'glyphicons-halflings-regular.eot'
[30-Jun-2020 00:46:24 Europe/Stockholm] Copy file 'glyphicons-halflings-regular.svg'
[30-Jun-2020 00:46:24 Europe/Stockholm] Copy file 'glyphicons-halflings-regular.ttf'
[30-Jun-2020 00:46:24 Europe/Stockholm] Copy file 'glyphicons-halflings-regular.woff'
[30-Jun-2020 00:46:24 Europe/Stockholm] Copy file 'glyphicons-halflings-regular.woff2'
[30-Jun-2020 00:46:24 Europe/Stockholm] Copy file 'roboto-v20-vietnamese_latin-ext_latin_greek-ext_greek_cyrillic-ext_cyrillic-300.eot'
[30-Jun-2020 00:46:24 Europe/Stockholm] Copy file 'roboto-v20-vietnamese_latin-ext_latin_greek-ext_greek_cyrillic-ext_cyrillic-300.svg'
[30-Jun-2020 00:46:24 Europe/Stockholm] Copy file 'roboto-v20-vietnamese_latin-ext_latin_greek-ext_greek_cyrillic-ext_cyrillic-300.ttf'
[30-Jun-2020 00:46:24 Europe/Stockholm] Copy file 'roboto-v20-vietnamese_latin-ext_latin_greek-ext_greek_cyrillic-ext_cyrillic-300.woff'
[30-Jun-2020 00:46:24 Europe/Stockholm] Copy file 'roboto-v20-vietnamese_latin-ext_latin_greek-ext_greek_cyrillic-ext_cyrillic-300.woff2'
[30-Jun-2020 00:46:24 Europe/Stockholm] Copy file 'roboto-v20-vietnamese_latin-ext_latin_greek-ext_greek_cyrillic-ext_cyrillic-700.eot'
[30-Jun-2020 00:46:24 Europe/Stockholm] Copy file 'roboto-v20-vietnamese_latin-ext_latin_greek-ext_greek_cyrillic-ext_cyrillic-700.svg'
[30-Jun-2020 00:46:24 Europe/Stockholm] Copy file 'roboto-v20-vietnamese_latin-ext_latin_greek-ext_greek_cyrillic-ext_cyrillic-700.ttf'
[30-Jun-2020 00:46:24 Europe/Stockholm] Copy file 'roboto-v20-vietnamese_latin-ext_latin_greek-ext_greek_cyrillic-ext_cyrillic-700.woff'
[30-Jun-2020 00:46:24 Europe/Stockholm] Copy file 'roboto-v20-vietnamese_latin-ext_latin_greek-ext_greek_cyrillic-ext_cyrillic-700.woff2'
[30-Jun-2020 00:46:24 Europe/Stockholm] Copy file 'roboto-v20-vietnamese_latin-ext_latin_greek-ext_greek_cyrillic-ext_cyrillic-regular.eot'
[30-Jun-2020 00:46:24 Europe/Stockholm] Copy file 'roboto-v20-vietnamese_latin-ext_latin_greek-ext_greek_cyrillic-ext_cyrillic-regular.svg'
[30-Jun-2020 00:46:24 Europe/Stockholm] Copy file 'roboto-v20-vietnamese_latin-ext_latin_greek-ext_greek_cyrillic-ext_cyrillic-regular.ttf'
[30-Jun-2020 00:46:24 Europe/Stockholm] Copy file 'roboto-v20-vietnamese_latin-ext_latin_greek-ext_greek_cyrillic-ext_cyrillic-regular.woff'
[30-Jun-2020 00:46:24 Europe/Stockholm] Copy file 'roboto-v20-vietnamese_latin-ext_latin_greek-ext_greek_cyrillic-ext_cyrillic-regular.woff2'
[30-Jun-2020 00:46:24 Europe/Stockholm] Parsing manifest file: css/*, css/image/*, css/image/callouts/*, js/*, fonts/*
[30-Jun-2020 00:46:24 Europe/Stockholm] Filename: css/*
[30-Jun-2020 00:46:24 Europe/Stockholm] Source directory: /var/www/ccms/application/lib/docbook/xsl/html5
[30-Jun-2020 00:46:24 Europe/Stockholm] Target directory: /paligo/tmp/data2/production-5efa6f1c07e863.67530681/7940-Connecting_a_data_source_for_your_Enterprise_Free_Trial-html5/out
[30-Jun-2020 00:46:24 Europe/Stockholm] Copy file 'bootstrap-3.0.2.min.css'
[30-Jun-2020 00:46:24 Europe/Stockholm] Copy file 'bootstrap-theme-3.0.2.min.css'
[30-Jun-2020 00:46:24 Europe/Stockholm] Copy file 'bootstrap-theme.min.css'
[30-Jun-2020 00:46:24 Europe/Stockholm] Copy file 'bootstrap-theme.min.css.map'
[30-Jun-2020 00:46:24 Europe/Stockholm] Copy file 'bootstrap.min.css'
[30-Jun-2020 00:46:24 Europe/Stockholm] Copy file 'bootstrap.min.css.map'
[30-Jun-2020 00:46:24 Europe/Stockholm] Copy file 'content-theme1.css'
[30-Jun-2020 00:46:24 Europe/Stockholm] Copy file 'content-theme2.css'
[30-Jun-2020 00:46:24 Europe/Stockholm] Copy file 'docbook.css'
[30-Jun-2020 00:46:24 Europe/Stockholm] Copy file 'font-awesome.css'
[30-Jun-2020 00:46:24 Europe/Stockholm] Copy file 'graphical-lists.css'
[30-Jun-2020 00:46:24 Europe/Stockholm] Copy file 'html5.algoliasearch.css'
[30-Jun-2020 00:46:24 Europe/Stockholm] Copy file 'html5.algoliasearchpage.css'
[30-Jun-2020 00:46:24 Europe/Stockholm] Copy file 'mathml.css'
[30-Jun-2020 00:46:24 Europe/Stockholm] Copy file 'roboto.font.css'
[30-Jun-2020 00:46:24 Europe/Stockholm] Copy file 'rwd-table.min.css'
[30-Jun-2020 00:46:24 Europe/Stockholm] Copy file 'sm-core-css.css'
[30-Jun-2020 00:46:24 Europe/Stockholm] Copy file 'sm-simple.css'
[30-Jun-2020 00:46:24 Europe/Stockholm] Copy file 'style-api-responsive.css'
[30-Jun-2020 00:46:24 Europe/Stockholm] Copy file 'style-api.css'
[30-Jun-2020 00:46:24 Europe/Stockholm] Copy file 'style-common.css'
[30-Jun-2020 00:46:24 Europe/Stockholm] Copy file 'style-index-page.css'
[30-Jun-2020 00:46:24 Europe/Stockholm] Copy file 'style-modern-tables.css'
[30-Jun-2020 00:46:24 Europe/Stockholm] Copy file 'style-print.css'
[30-Jun-2020 00:46:24 Europe/Stockholm] Copy file 'style-responsive.css'
[30-Jun-2020 00:46:24 Europe/Stockholm] Copy file 'style-single-page.css'
[30-Jun-2020 00:46:24 Europe/Stockholm] Copy file 'style.css'
[30-Jun-2020 00:46:24 Europe/Stockholm] Copy file 'theme0.css'
[30-Jun-2020 00:46:24 Europe/Stockholm] Copy file 'theme1-colors.css'
[30-Jun-2020 00:46:24 Europe/Stockholm] Copy file 'theme1.css'
[30-Jun-2020 00:46:24 Europe/Stockholm] Copy file 'theme2-colors.css'
[30-Jun-2020 00:46:24 Europe/Stockholm] Copy file 'theme2.css'
[30-Jun-2020 00:46:24 Europe/Stockholm] Copy file 'theme3-colors.css'
[30-Jun-2020 00:46:24 Europe/Stockholm] Copy file 'theme3.css'
[30-Jun-2020 00:46:24 Europe/Stockholm] Copy file 'theme3b-colors.css'
[30-Jun-2020 00:46:24 Europe/Stockholm] Copy file 'theme3b.css'
[30-Jun-2020 00:46:24 Europe/Stockholm] Filename: css/image/*
[30-Jun-2020 00:46:24 Europe/Stockholm] Source directory: /var/www/ccms/application/lib/docbook/xsl/html5
[30-Jun-2020 00:46:24 Europe/Stockholm] Target directory: /paligo/tmp/data2/production-5efa6f1c07e863.67530681/7940-Connecting_a_data_source_for_your_Enterprise_Free_Trial-html5/out
[30-Jun-2020 00:46:24 Europe/Stockholm] Copy file 'breadcrumb-seperator.png'
[30-Jun-2020 00:46:24 Europe/Stockholm] Copy file 'caution.png'
[30-Jun-2020 00:46:24 Europe/Stockholm] Copy file 'corporate-logo-blue-inverted.svg'
[30-Jun-2020 00:46:24 Europe/Stockholm] Copy file 'corporate-logo-blue.svg'
[30-Jun-2020 00:46:24 Europe/Stockholm] Copy file 'corporate-logo-white.png'
[30-Jun-2020 00:46:24 Europe/Stockholm] Copy file 'corporate-logo-white.svg'
[30-Jun-2020 00:46:24 Europe/Stockholm] Copy file 'corporate-logo.png'
[30-Jun-2020 00:46:24 Europe/Stockholm] Copy file 'corporate-logo.svg'
[30-Jun-2020 00:46:24 Europe/Stockholm] Copy file 'important.png'
[30-Jun-2020 00:46:24 Europe/Stockholm] Copy file 'note.png'
[30-Jun-2020 00:46:24 Europe/Stockholm] Copy file 'portal1-bg.jpg'
[30-Jun-2020 00:46:24 Europe/Stockholm] Copy file 'portal2a-bg.jpg'
[30-Jun-2020 00:46:24 Europe/Stockholm] Copy file 'portal2b-bg.jpg'
[30-Jun-2020 00:46:24 Europe/Stockholm] Copy file 'portal2c-bg.jpg'
[30-Jun-2020 00:46:24 Europe/Stockholm] Copy file 'subheader-bg.png'
[30-Jun-2020 00:46:24 Europe/Stockholm] Copy file 'warning.png'
[30-Jun-2020 00:46:24 Europe/Stockholm] Filename: css/image/callouts/*
[30-Jun-2020 00:46:24 Europe/Stockholm] Source directory: /var/www/ccms/application/lib/docbook/xsl/html5
[30-Jun-2020 00:46:24 Europe/Stockholm] Target directory: /paligo/tmp/data2/production-5efa6f1c07e863.67530681/7940-Connecting_a_data_source_for_your_Enterprise_Free_Trial-html5/out
[30-Jun-2020 00:46:24 Europe/Stockholm] Copy file '1.gif'
[30-Jun-2020 00:46:24 Europe/Stockholm] Copy file '1.png'
[30-Jun-2020 00:46:24 Europe/Stockholm] Copy file '1.svg'
[30-Jun-2020 00:46:24 Europe/Stockholm] Copy file '10.gif'
[30-Jun-2020 00:46:24 Europe/Stockholm] Copy file '10.png'
[30-Jun-2020 00:46:24 Europe/Stockholm] Copy file '10.svg'
[30-Jun-2020 00:46:24 Europe/Stockholm] Copy file '11.gif'
[30-Jun-2020 00:46:24 Europe/Stockholm] Copy file '11.png'
[30-Jun-2020 00:46:24 Europe/Stockholm] Copy file '11.svg'
[30-Jun-2020 00:46:24 Europe/Stockholm] Copy file '12.gif'
[30-Jun-2020 00:46:24 Europe/Stockholm] Copy file '12.png'
[30-Jun-2020 00:46:24 Europe/Stockholm] Copy file '12.svg'
[30-Jun-2020 00:46:24 Europe/Stockholm] Copy file '13.gif'
[30-Jun-2020 00:46:24 Europe/Stockholm] Copy file '13.png'
[30-Jun-2020 00:46:24 Europe/Stockholm] Copy file '13.svg'
[30-Jun-2020 00:46:24 Europe/Stockholm] Copy file '14.gif'
[30-Jun-2020 00:46:24 Europe/Stockholm] Copy file '14.png'
[30-Jun-2020 00:46:24 Europe/Stockholm] Copy file '14.svg'
[30-Jun-2020 00:46:24 Europe/Stockholm] Copy file '15.gif'
[30-Jun-2020 00:46:24 Europe/Stockholm] Copy file '15.png'
[30-Jun-2020 00:46:24 Europe/Stockholm] Copy file '15.svg'
[30-Jun-2020 00:46:24 Europe/Stockholm] Copy file '16.svg'
[30-Jun-2020 00:46:24 Europe/Stockholm] Copy file '17.svg'
[30-Jun-2020 00:46:24 Europe/Stockholm] Copy file '18.svg'
[30-Jun-2020 00:46:24 Europe/Stockholm] Copy file '19.svg'
[30-Jun-2020 00:46:24 Europe/Stockholm] Copy file '2.gif'
[30-Jun-2020 00:46:24 Europe/Stockholm] Copy file '2.png'
[30-Jun-2020 00:46:24 Europe/Stockholm] Copy file '2.svg'
[30-Jun-2020 00:46:24 Europe/Stockholm] Copy file '20.svg'
[30-Jun-2020 00:46:24 Europe/Stockholm] Copy file '21.svg'
[30-Jun-2020 00:46:24 Europe/Stockholm] Copy file '22.svg'
[30-Jun-2020 00:46:24 Europe/Stockholm] Copy file '23.svg'
[30-Jun-2020 00:46:24 Europe/Stockholm] Copy file '24.svg'
[30-Jun-2020 00:46:24 Europe/Stockholm] Copy file '25.svg'
[30-Jun-2020 00:46:24 Europe/Stockholm] Copy file '26.svg'
[30-Jun-2020 00:46:24 Europe/Stockholm] Copy file '27.svg'
[30-Jun-2020 00:46:24 Europe/Stockholm] Copy file '28.svg'
[30-Jun-2020 00:46:24 Europe/Stockholm] Copy file '29.svg'
[30-Jun-2020 00:46:24 Europe/Stockholm] Copy file '3.gif'
[30-Jun-2020 00:46:24 Europe/Stockholm] Copy file '3.png'
[30-Jun-2020 00:46:24 Europe/Stockholm] Copy file '3.svg'
[30-Jun-2020 00:46:24 Europe/Stockholm] Copy file '30.svg'
[30-Jun-2020 00:46:24 Europe/Stockholm] Copy file '4.gif'
[30-Jun-2020 00:46:24 Europe/Stockholm] Copy file '4.png'
[30-Jun-2020 00:46:24 Europe/Stockholm] Copy file '4.svg'
[30-Jun-2020 00:46:24 Europe/Stockholm] Copy file '5.gif'
[30-Jun-2020 00:46:24 Europe/Stockholm] Copy file '5.png'
[30-Jun-2020 00:46:24 Europe/Stockholm] Copy file '5.svg'
[30-Jun-2020 00:46:24 Europe/Stockholm] Copy file '6.gif'
[30-Jun-2020 00:46:24 Europe/Stockholm] Copy file '6.png'
[30-Jun-2020 00:46:24 Europe/Stockholm] Copy file '6.svg'
[30-Jun-2020 00:46:24 Europe/Stockholm] Copy file '7.gif'
[30-Jun-2020 00:46:24 Europe/Stockholm] Copy file '7.png'
[30-Jun-2020 00:46:24 Europe/Stockholm] Copy file '7.svg'
[30-Jun-2020 00:46:24 Europe/Stockholm] Copy file '8.gif'
[30-Jun-2020 00:46:24 Europe/Stockholm] Copy file '8.png'
[30-Jun-2020 00:46:24 Europe/Stockholm] Copy file '8.svg'
[30-Jun-2020 00:46:24 Europe/Stockholm] Copy file '9.gif'
[30-Jun-2020 00:46:24 Europe/Stockholm] Copy file '9.png'
[30-Jun-2020 00:46:24 Europe/Stockholm] Copy file '9.svg'
[30-Jun-2020 00:46:24 Europe/Stockholm] Filename: js/*
[30-Jun-2020 00:46:24 Europe/Stockholm] Source directory: /var/www/ccms/application/lib/docbook/xsl/html5
[30-Jun-2020 00:46:24 Europe/Stockholm] Target directory: /paligo/tmp/data2/production-5efa6f1c07e863.67530681/7940-Connecting_a_data_source_for_your_Enterprise_Free_Trial-html5/out
[30-Jun-2020 00:46:24 Europe/Stockholm] Copy file 'ajax-loading.js'
[30-Jun-2020 00:46:24 Europe/Stockholm] Copy file 'anchorlinks.js'
[30-Jun-2020 00:46:24 Europe/Stockholm] Copy file 'bootstrap.min.js'
[30-Jun-2020 00:46:24 Europe/Stockholm] Copy file 'checklist.js'
[30-Jun-2020 00:46:24 Europe/Stockholm] Copy file 'clipboard.min.js'
[30-Jun-2020 00:46:24 Europe/Stockholm] Copy file 'cookie-consent.js'
[30-Jun-2020 00:46:24 Europe/Stockholm] Copy file 'create-toc.js'
[30-Jun-2020 00:46:24 Europe/Stockholm] Copy file 'csh.js'
[30-Jun-2020 00:46:24 Europe/Stockholm] Copy file 'fuse.min.js'
[30-Jun-2020 00:46:24 Europe/Stockholm] Copy file 'hilitor.js'
[30-Jun-2020 00:46:24 Europe/Stockholm] Copy file 'html5-2-ajax-hp.js'
[30-Jun-2020 00:46:24 Europe/Stockholm] Copy file 'html5-2-ajax.js'
[30-Jun-2020 00:46:24 Europe/Stockholm] Copy file 'html5-2-mp-common.js'
[30-Jun-2020 00:46:24 Europe/Stockholm] Copy file 'html5-2-portal.js'
[30-Jun-2020 00:46:24 Europe/Stockholm] Copy file 'html5-2.js'
[30-Jun-2020 00:46:24 Europe/Stockholm] Copy file 'html5.algoliasearch.js'
[30-Jun-2020 00:46:24 Europe/Stockholm] Copy file 'html5.algoliasearchpage.js'
[30-Jun-2020 00:46:24 Europe/Stockholm] Copy file 'html5.fuse.search.js'
[30-Jun-2020 00:46:24 Europe/Stockholm] Copy file 'jquery-1.10.2.min.js'
[30-Jun-2020 00:46:24 Europe/Stockholm] Copy file 'jquery-1.10.2.min.map'
[30-Jun-2020 00:46:24 Europe/Stockholm] Copy file 'jquery-migrate-3.0.1.min.js'
[30-Jun-2020 00:46:24 Europe/Stockholm] Copy file 'jquery-ui-1.10.3.custom.min.js'
[30-Jun-2020 00:46:24 Europe/Stockholm] Copy file 'jquery.event.move.js'
[30-Jun-2020 00:46:24 Europe/Stockholm] Copy file 'jquery.event.swipe.js'
[30-Jun-2020 00:46:24 Europe/Stockholm] Copy file 'jquery.mark.min.js'
[30-Jun-2020 00:46:24 Europe/Stockholm] Copy file 'jquery.smartmenus.js'
[30-Jun-2020 00:46:24 Europe/Stockholm] Copy file 'jquery.sticky.js'
[30-Jun-2020 00:46:24 Europe/Stockholm] Copy file 'lunr-single-lang.js'
[30-Jun-2020 00:46:24 Europe/Stockholm] Copy file 'lunr.js'
[30-Jun-2020 00:46:24 Europe/Stockholm] Copy file 'materialize.min.js'
[30-Jun-2020 00:46:24 Europe/Stockholm] Copy file 'mspace.js'
[30-Jun-2020 00:46:24 Europe/Stockholm] Copy file 'purl.js'
[30-Jun-2020 00:46:24 Europe/Stockholm] Copy file 'respond.min.js'
[30-Jun-2020 00:46:24 Europe/Stockholm] Copy file 'responsive-tables.js'
[30-Jun-2020 00:46:24 Europe/Stockholm] Copy file 'rwd-table.min.js'
[30-Jun-2020 00:46:24 Europe/Stockholm] Copy file 'script-api.js'
[30-Jun-2020 00:46:24 Europe/Stockholm] Copy file 'script.js'
[30-Jun-2020 00:46:24 Europe/Stockholm] Copy file 'search.js'
[30-Jun-2020 00:46:24 Europe/Stockholm] Copy file 'updateurl.js'
[30-Jun-2020 00:46:24 Europe/Stockholm] Filename: fonts/*
[30-Jun-2020 00:46:24 Europe/Stockholm] Source directory: /var/www/ccms/application/lib/docbook/xsl/html5
[30-Jun-2020 00:46:24 Europe/Stockholm] Target directory: /paligo/tmp/data2/production-5efa6f1c07e863.67530681/7940-Connecting_a_data_source_for_your_Enterprise_Free_Trial-html5/out
[30-Jun-2020 00:46:24 Europe/Stockholm] Copy file 'FontAwesome.otf'
[30-Jun-2020 00:46:24 Europe/Stockholm] Copy file 'fontawesome-webfont.eot'
[30-Jun-2020 00:46:24 Europe/Stockholm] Copy file 'fontawesome-webfont.svg'
[30-Jun-2020 00:46:24 Europe/Stockholm] Copy file 'fontawesome-webfont.ttf'
[30-Jun-2020 00:46:24 Europe/Stockholm] Copy file 'fontawesome-webfont.woff'
[30-Jun-2020 00:46:24 Europe/Stockholm] Copy file 'fontawesome-webfont.woff2'
[30-Jun-2020 00:46:24 Europe/Stockholm] Copy file 'glyphicons-halflings-regular.eot'
[30-Jun-2020 00:46:24 Europe/Stockholm] Copy file 'glyphicons-halflings-regular.svg'
[30-Jun-2020 00:46:24 Europe/Stockholm] Copy file 'glyphicons-halflings-regular.ttf'
[30-Jun-2020 00:46:24 Europe/Stockholm] Copy file 'glyphicons-halflings-regular.woff'
[30-Jun-2020 00:46:24 Europe/Stockholm] Copy file 'glyphicons-halflings-regular.woff2'
[30-Jun-2020 00:46:24 Europe/Stockholm] Copy file 'roboto-v20-vietnamese_latin-ext_latin_greek-ext_greek_cyrillic-ext_cyrillic-300.eot'
[30-Jun-2020 00:46:24 Europe/Stockholm] Copy file 'roboto-v20-vietnamese_latin-ext_latin_greek-ext_greek_cyrillic-ext_cyrillic-300.svg'
[30-Jun-2020 00:46:24 Europe/Stockholm] Copy file 'roboto-v20-vietnamese_latin-ext_latin_greek-ext_greek_cyrillic-ext_cyrillic-300.ttf'
[30-Jun-2020 00:46:24 Europe/Stockholm] Copy file 'roboto-v20-vietnamese_latin-ext_latin_greek-ext_greek_cyrillic-ext_cyrillic-300.woff'
[30-Jun-2020 00:46:24 Europe/Stockholm] Copy file 'roboto-v20-vietnamese_latin-ext_latin_greek-ext_greek_cyrillic-ext_cyrillic-300.woff2'
[30-Jun-2020 00:46:24 Europe/Stockholm] Copy file 'roboto-v20-vietnamese_latin-ext_latin_greek-ext_greek_cyrillic-ext_cyrillic-700.eot'
[30-Jun-2020 00:46:24 Europe/Stockholm] Copy file 'roboto-v20-vietnamese_latin-ext_latin_greek-ext_greek_cyrillic-ext_cyrillic-700.svg'
[30-Jun-2020 00:46:24 Europe/Stockholm] Copy file 'roboto-v20-vietnamese_latin-ext_latin_greek-ext_greek_cyrillic-ext_cyrillic-700.ttf'
[30-Jun-2020 00:46:24 Europe/Stockholm] Copy file 'roboto-v20-vietnamese_latin-ext_latin_greek-ext_greek_cyrillic-ext_cyrillic-700.woff'
[30-Jun-2020 00:46:24 Europe/Stockholm] Copy file 'roboto-v20-vietnamese_latin-ext_latin_greek-ext_greek_cyrillic-ext_cyrillic-700.woff2'
[30-Jun-2020 00:46:24 Europe/Stockholm] Copy file 'roboto-v20-vietnamese_latin-ext_latin_greek-ext_greek_cyrillic-ext_cyrillic-regular.eot'
[30-Jun-2020 00:46:24 Europe/Stockholm] Copy file 'roboto-v20-vietnamese_latin-ext_latin_greek-ext_greek_cyrillic-ext_cyrillic-regular.svg'
[30-Jun-2020 00:46:24 Europe/Stockholm] Copy file 'roboto-v20-vietnamese_latin-ext_latin_greek-ext_greek_cyrillic-ext_cyrillic-regular.ttf'
[30-Jun-2020 00:46:24 Europe/Stockholm] Copy file 'roboto-v20-vietnamese_latin-ext_latin_greek-ext_greek_cyrillic-ext_cyrillic-regular.woff'
[30-Jun-2020 00:46:24 Europe/Stockholm] Copy file 'roboto-v20-vietnamese_latin-ext_latin_greek-ext_greek_cyrillic-ext_cyrillic-regular.woff2'
[30-Jun-2020 00:46:24 Europe/Stockholm] Copy file '/var/www/ccms/application/lib/docbook/xsl/html5/css/image/corporate-logo-white.svg' to '/paligo/tmp/data2/production-5efa6f1c07e863.67530681/7940-Connecting_a_data_source_for_your_Enterprise_Free_Trial-html5/out/css/image/corporate-logo.svg'
[30-Jun-2020 00:46:24 Europe/Stockholm] Copy file '/var/www/ccms/application/lib/docbook/xsl/html5/css/image/corporate-logo-white.svg' to '/paligo/tmp/data2/production-5efa6f1c07e863.67530681/7940-Connecting_a_data_source_for_your_Enterprise_Free_Trial-html5/out/css/image/portal-logo.svg'
[30-Jun-2020 00:46:25 Europe/Stockholm] Post build HTML5
[30/Jun/2020 00:46:25 Europe/Stockholm] [Info] Transformation: index-en.html -> toc-en.html [html5.toc.xsl]
[30/Jun/2020 00:46:25 Europe/Stockholm] [Info] Transformation: index-en.html -> index-en.html [html5-2.page.xsl]
[30/Jun/2020 00:46:26 Europe/Stockholm] [Info] Generating index page.
[30/Jun/2020 00:46:26 Europe/Stockholm] [Info] Transformation: index.manifest -> index.html [html5-2.index.xsl]
[30/Jun/2020 00:46:26 Europe/Stockholm] [Info] # Took 7.406445 seconds to render.
